<?xml version='1.0' encoding='UTF-8' ?>
<testsuite name="com.example.android.testing.espresso.BasicSample.ChangeTextBehaviourTest" tests="1" failures="0" errors="0" skipped="0" time="4.468" timestamp="2024-05-27T21:23:17" hostname="localhost">
  <properties>
    <property name="device" value="Pixel_3a_API_34(AVD) - 14" />
    <property name="flavor" value="" />
    <property name="project" value=":app" />
  </properties>
  <testcase name="changeText_sameActivity" classname="com.example.android.testing.espresso.BasicSample.ChangeTextBehaviourTest" time="3.782" />
</testsuite>